<?xml version="1.0" encoding="utf-8" standalone="no"?>
<!--This file represents the results of running a test suite-->
<test-results name="/Users/Nate/MEGA/Development/FSharp/ld-ontologies/ontologies/omn2ttl/tests/omn2ttl.Tests/bin/Release/omn2ttl.Tests.dll" total="0" errors="0" failures="0" not-run="0" inconclusive="0" ignored="0" skipped="0" invalid="0" date="2015-03-16" time="15:52:44">
  <environment nunit-version="2.6.4.14350" clr-version="2.0.50727.1433" os-version="Unix 14.1.0.0" platform="Unix" cwd="/Users/Nate/MEGA/Development/FSharp/ld-ontologies/ontologies/omn2ttl" machine-name="Nate-Macbook" user="Nate" user-domain="Nate-Macbook" />
  <culture-info current-culture="en-GB" current-uiculture="en-GB" />
  <test-suite type="Assembly" name="/Users/Nate/MEGA/Development/FSharp/ld-ontologies/ontologies/omn2ttl/tests/omn2ttl.Tests/bin/Release/omn2ttl.Tests.dll" executed="True" result="Inconclusive" success="False" time="0.006" asserts="0" />
</test-results>